2026-05-28 16:58:53 - Starting IngressosApplication using Java 21.0.9 with PID 15612 (C:\Spring_Boot Eduardo\Curso_SpringBoot\ingressos\target\classes started by eduardo in C:\Spring_Boot Eduardo\Curso_SpringBoot\ingressos)
2026-05-28 16:58:53 - Running with Spring Boot v4.0.6, Spring v7.0.7
2026-05-28 16:58:53 - No active profile set, falling back to 1 default profile: "default"
2026-05-28 16:58:54 - Exception encountered during context initialization - cancelling refresh attempt: java.lang.IllegalStateException: Error processing condition on org.springdoc.webmvc.ui.SwaggerConfig.swaggerWelcome
2026-05-28 16:58:54 - 

Error starting ApplicationContext. To display the condition evaluation report re-run your application with 'debug' enabled.
2026-05-28 16:58:54 - Application run failed
java.lang.IllegalStateException: Error processing condition on org.springdoc.webmvc.ui.SwaggerConfig.swaggerWelcome
	at org.springframework.boot.autoconfigure.condition.SpringBootCondition.matches(SpringBootCondition.java:60)
	at org.springframework.context.annotation.ConditionEvaluator.shouldSkip(ConditionEvaluator.java:100)
	at org.springframework.context.annotation.ConfigurationClassBeanDefinitionReader.loadBeanDefinitionsForBeanMethod(ConfigurationClassBeanDefinitionReader.java:196)
	at org.springframework.context.annotation.ConfigurationClassBeanDefinitionReader.loadBeanDefinitionsForConfigurationClass(ConfigurationClassBeanDefinitionReader.java:148)
	at org.springframework.context.annotation.ConfigurationClassBeanDefinitionReader.loadBeanDefinitions(ConfigurationClassBeanDefinitionReader.java:124)
	at org.springframework.context.annotation.ConfigurationClassPostProcessor.processConfigBeanDefinitions(ConfigurationClassPostProcessor.java:464)
	at org.springframework.context.annotation.ConfigurationClassPostProcessor.postProcessBeanDefinitionRegistry(ConfigurationClassPostProcessor.java:316)
	at org.springframework.context.support.PostProcessorRegistrationDelegate.invokeBeanDefinitionRegistryPostProcessors(PostProcessorRegistrationDelegate.java:349)
	at org.springframework.context.support.PostProcessorRegistrationDelegate.invokeBeanFactoryPostProcessors(PostProcessorRegistrationDelegate.java:118)
	at org.springframework.context.support.AbstractApplicationContext.invokeBeanFactoryPostProcessors(AbstractApplicationContext.java:795)
	at org.springframework.context.support.AbstractApplicationContext.refresh(AbstractApplicationContext.java:603)
	at org.springframework.boot.web.server.servlet.context.ServletWebServerApplicationContext.refresh(ServletWebServerApplicationContext.java:143)
	at org.springframework.boot.SpringApplication.refresh(SpringApplication.java:756)
	at org.springframework.boot.SpringApplication.refreshContext(SpringApplication.java:445)
	at org.springframework.boot.SpringApplication.run(SpringApplication.java:321)
	at org.springframework.boot.SpringApplication.run(SpringApplication.java:1365)
	at org.springframework.boot.SpringApplication.run(SpringApplication.java:1354)
	at io.github.EduardoAraujoPires.sistema.ingressos.IngressosApplication.main(IngressosApplication.java:12)
Caused by: java.lang.IllegalStateException: @ConditionalOnMissingBean did not specify a bean using type, name or annotation and the attempt to deduce the bean's type failed
	at org.springframework.boot.autoconfigure.condition.OnBeanCondition$Spec.validate(OnBeanCondition.java:657)
	at org.springframework.boot.autoconfigure.condition.OnBeanCondition$Spec.<init>(OnBeanCondition.java:603)
	at org.springframework.boot.autoconfigure.condition.OnBeanCondition.getMatchOutcome(OnBeanCondition.java:147)
	at org.springframework.boot.autoconfigure.condition.SpringBootCondition.matches(SpringBootCondition.java:47)
	... 17 common frames omitted
Caused by: org.springframework.boot.autoconfigure.condition.OnBeanCondition$BeanTypeDeductionException: Failed to deduce bean type for org.springdoc.webmvc.ui.SwaggerConfig.swaggerWelcome
	at org.springframework.boot.autoconfigure.condition.OnBeanCondition$Spec.deducedBeanTypeForBeanMethod(OnBeanCondition.java:686)
	at org.springframework.boot.autoconfigure.condition.OnBeanCondition$Spec.deducedBeanType(OnBeanCondition.java:676)
	at org.springframework.boot.autoconfigure.condition.OnBeanCondition$Spec.<init>(OnBeanCondition.java:596)
	... 19 common frames omitted
Caused by: java.lang.IllegalStateException: Failed to introspect Class [org.springdoc.webmvc.ui.SwaggerConfig] from ClassLoader [jdk.internal.loader.ClassLoaders$AppClassLoader@76ed5528]
	at org.springframework.util.ReflectionUtils.getDeclaredMethods(ReflectionUtils.java:483)
	at org.springframework.util.ReflectionUtils.findMethod(ReflectionUtils.java:240)
	at org.springframework.util.ReflectionUtils.findMethod(ReflectionUtils.java:221)
	at org.springframework.boot.autoconfigure.condition.OnBeanCondition$Spec.findBeanMethod(OnBeanCondition.java:715)
	at org.springframework.boot.autoconfigure.condition.OnBeanCondition$Spec.getMethodReturnType(OnBeanCondition.java:710)
	at org.springframework.boot.autoconfigure.condition.OnBeanCondition$Spec.getReturnType(OnBeanCondition.java:694)
	at org.springframework.boot.autoconfigure.condition.OnBeanCondition$Spec.deducedBeanTypeForBeanMethod(OnBeanCondition.java:683)
	... 21 common frames omitted
Caused by: java.lang.NoClassDefFoundError: org/springframework/boot/autoconfigure/web/servlet/WebMvcProperties
	at java.base/java.lang.Class.getDeclaredMethods0(Native Method)
	at java.base/java.lang.Class.privateGetDeclaredMethods(Class.java:3580)
	at java.base/java.lang.Class.getDeclaredMethods(Class.java:2678)
	at org.springframework.util.ReflectionUtils.getDeclaredMethods(ReflectionUtils.java:465)
	... 27 common frames omitted
Caused by: java.lang.ClassNotFoundException: org.springframework.boot.autoconfigure.web.servlet.WebMvcProperties
	at java.base/jdk.internal.loader.BuiltinClassLoader.loadClass(BuiltinClassLoader.java:641)
	at java.base/jdk.internal.loader.ClassLoaders$AppClassLoader.loadClass(ClassLoaders.java:188)
	at java.base/java.lang.ClassLoader.loadClass(ClassLoader.java:526)
	... 31 common frames omitted
2026-05-28 16:59:11 - Starting IngressosApplication using Java 21.0.9 with PID 6248 (C:\Spring_Boot Eduardo\Curso_SpringBoot\ingressos\target\classes started by eduardo in C:\Spring_Boot Eduardo\Curso_SpringBoot\ingressos)
2026-05-28 16:59:11 - Running with Spring Boot v4.0.6, Spring v7.0.7
2026-05-28 16:59:11 - No active profile set, falling back to 1 default profile: "default"
2026-05-28 16:59:11 - Exception encountered during context initialization - cancelling refresh attempt: java.lang.IllegalStateException: Error processing condition on org.springdoc.webmvc.ui.SwaggerConfig.swaggerWelcome
2026-05-28 16:59:11 - 

Error starting ApplicationContext. To display the condition evaluation report re-run your application with 'debug' enabled.
2026-05-28 16:59:11 - Application run failed
java.lang.IllegalStateException: Error processing condition on org.springdoc.webmvc.ui.SwaggerConfig.swaggerWelcome
	at org.springframework.boot.autoconfigure.condition.SpringBootCondition.matches(SpringBootCondition.java:60)
	at org.springframework.context.annotation.ConditionEvaluator.shouldSkip(ConditionEvaluator.java:100)
	at org.springframework.context.annotation.ConfigurationClassBeanDefinitionReader.loadBeanDefinitionsForBeanMethod(ConfigurationClassBeanDefinitionReader.java:196)
	at org.springframework.context.annotation.ConfigurationClassBeanDefinitionReader.loadBeanDefinitionsForConfigurationClass(ConfigurationClassBeanDefinitionReader.java:148)
	at org.springframework.context.annotation.ConfigurationClassBeanDefinitionReader.loadBeanDefinitions(ConfigurationClassBeanDefinitionReader.java:124)
	at org.springframework.context.annotation.ConfigurationClassPostProcessor.processConfigBeanDefinitions(ConfigurationClassPostProcessor.java:464)
	at org.springframework.context.annotation.ConfigurationClassPostProcessor.postProcessBeanDefinitionRegistry(ConfigurationClassPostProcessor.java:316)
	at org.springframework.context.support.PostProcessorRegistrationDelegate.invokeBeanDefinitionRegistryPostProcessors(PostProcessorRegistrationDelegate.java:349)
	at org.springframework.context.support.PostProcessorRegistrationDelegate.invokeBeanFactoryPostProcessors(PostProcessorRegistrationDelegate.java:118)
	at org.springframework.context.support.AbstractApplicationContext.invokeBeanFactoryPostProcessors(AbstractApplicationContext.java:795)
	at org.springframework.context.support.AbstractApplicationContext.refresh(AbstractApplicationContext.java:603)
	at org.springframework.boot.web.server.servlet.context.ServletWebServerApplicationContext.refresh(ServletWebServerApplicationContext.java:143)
	at org.springframework.boot.SpringApplication.refresh(SpringApplication.java:756)
	at org.springframework.boot.SpringApplication.refreshContext(SpringApplication.java:445)
	at org.springframework.boot.SpringApplication.run(SpringApplication.java:321)
	at org.springframework.boot.SpringApplication.run(SpringApplication.java:1365)
	at org.springframework.boot.SpringApplication.run(SpringApplication.java:1354)
	at io.github.EduardoAraujoPires.sistema.ingressos.IngressosApplication.main(IngressosApplication.java:12)
Caused by: java.lang.IllegalStateException: @ConditionalOnMissingBean did not specify a bean using type, name or annotation and the attempt to deduce the bean's type failed
	at org.springframework.boot.autoconfigure.condition.OnBeanCondition$Spec.validate(OnBeanCondition.java:657)
	at org.springframework.boot.autoconfigure.condition.OnBeanCondition$Spec.<init>(OnBeanCondition.java:603)
	at org.springframework.boot.autoconfigure.condition.OnBeanCondition.getMatchOutcome(OnBeanCondition.java:147)
	at org.springframework.boot.autoconfigure.condition.SpringBootCondition.matches(SpringBootCondition.java:47)
	... 17 common frames omitted
Caused by: org.springframework.boot.autoconfigure.condition.OnBeanCondition$BeanTypeDeductionException: Failed to deduce bean type for org.springdoc.webmvc.ui.SwaggerConfig.swaggerWelcome
	at org.springframework.boot.autoconfigure.condition.OnBeanCondition$Spec.deducedBeanTypeForBeanMethod(OnBeanCondition.java:686)
	at org.springframework.boot.autoconfigure.condition.OnBeanCondition$Spec.deducedBeanType(OnBeanCondition.java:676)
	at org.springframework.boot.autoconfigure.condition.OnBeanCondition$Spec.<init>(OnBeanCondition.java:596)
	... 19 common frames omitted
Caused by: java.lang.IllegalStateException: Failed to introspect Class [org.springdoc.webmvc.ui.SwaggerConfig] from ClassLoader [jdk.internal.loader.ClassLoaders$AppClassLoader@76ed5528]
	at org.springframework.util.ReflectionUtils.getDeclaredMethods(ReflectionUtils.java:483)
	at org.springframework.util.ReflectionUtils.findMethod(ReflectionUtils.java:240)
	at org.springframework.util.ReflectionUtils.findMethod(ReflectionUtils.java:221)
	at org.springframework.boot.autoconfigure.condition.OnBeanCondition$Spec.findBeanMethod(OnBeanCondition.java:715)
	at org.springframework.boot.autoconfigure.condition.OnBeanCondition$Spec.getMethodReturnType(OnBeanCondition.java:710)
	at org.springframework.boot.autoconfigure.condition.OnBeanCondition$Spec.getReturnType(OnBeanCondition.java:694)
	at org.springframework.boot.autoconfigure.condition.OnBeanCondition$Spec.deducedBeanTypeForBeanMethod(OnBeanCondition.java:683)
	... 21 common frames omitted
Caused by: java.lang.NoClassDefFoundError: org/springframework/boot/autoconfigure/web/servlet/WebMvcProperties
	at java.base/java.lang.Class.getDeclaredMethods0(Native Method)
	at java.base/java.lang.Class.privateGetDeclaredMethods(Class.java:3580)
	at java.base/java.lang.Class.getDeclaredMethods(Class.java:2678)
	at org.springframework.util.ReflectionUtils.getDeclaredMethods(ReflectionUtils.java:465)
	... 27 common frames omitted
Caused by: java.lang.ClassNotFoundException: org.springframework.boot.autoconfigure.web.servlet.WebMvcProperties
	at java.base/jdk.internal.loader.BuiltinClassLoader.loadClass(BuiltinClassLoader.java:641)
	at java.base/jdk.internal.loader.ClassLoaders$AppClassLoader.loadClass(ClassLoaders.java:188)
	at java.base/java.lang.ClassLoader.loadClass(ClassLoader.java:526)
	... 31 common frames omitted
2026-05-28 17:00:03 - Starting IngressosApplication using Java 21.0.9 with PID 13920 (C:\Spring_Boot Eduardo\Curso_SpringBoot\ingressos\target\classes started by eduardo in C:\Spring_Boot Eduardo\Curso_SpringBoot\ingressos)
2026-05-28 17:00:03 - Running with Spring Boot v4.0.6, Spring v7.0.7
2026-05-28 17:00:03 - No active profile set, falling back to 1 default profile: "default"
2026-05-28 17:00:04 - Bootstrapping Spring Data JPA repositories in DEFAULT mode.
2026-05-28 17:00:04 - Finished Spring Data repository scanning in 60 ms. Found 2 JPA repository interfaces.
2026-05-28 17:00:05 - Tomcat initialized with port 8080 (http)
2026-05-28 17:00:05 - Starting service [Tomcat]
2026-05-28 17:00:05 - Starting Servlet engine: [Apache Tomcat/11.0.21]
2026-05-28 17:00:05 - Root WebApplicationContext: initialization completed in 1438 ms
2026-05-28 17:00:06 - No LoadTimeWeaver setup: ignoring JPA class transformer
2026-05-28 17:00:06 - HikariPool-1 - Starting...
2026-05-28 17:00:06 - HikariPool-1 - Added connection org.postgresql.jdbc.PgConnection@4df7b4ac
2026-05-28 17:00:06 - HikariPool-1 - Start completed.
2026-05-28 17:00:06 - HHH90000025: PostgreSQLDialect does not need to be specified explicitly using 'hibernate.dialect' (remove the property setting and it will be selected by default)
2026-05-28 17:00:07 - Initialized JPA EntityManagerFactory for persistence unit 'default'
2026-05-28 17:00:07 - Hibernate is in classpath; If applicable, HQL parser will be used.
2026-05-28 17:00:08 - spring.jpa.open-in-view is enabled by default. Therefore, database queries may be performed during view rendering. Explicitly configure spring.jpa.open-in-view to disable this warning
2026-05-28 17:00:08 - Tomcat started on port 8080 (http) with context path '/'
2026-05-28 17:00:08 - Started IngressosApplication in 5.099 seconds (process running for 5.646)
2026-05-28 17:00:11 - Commencing graceful shutdown. Waiting for active requests to complete
2026-05-28 17:00:11 - Graceful shutdown complete
2026-05-28 17:00:11 - Closing JPA EntityManagerFactory for persistence unit 'default'
2026-05-28 17:00:11 - HikariPool-1 - Shutdown initiated...
2026-05-28 17:00:11 - HikariPool-1 - Shutdown completed.
2026-05-28 17:08:04 - Starting IngressosApplication using Java 21.0.9 with PID 5004 (C:\Spring_Boot Eduardo\Curso_SpringBoot\ingressos\target\classes started by eduardo in C:\Spring_Boot Eduardo\Curso_SpringBoot\ingressos)
2026-05-28 17:08:04 - Running with Spring Boot v4.0.6, Spring v7.0.7
2026-05-28 17:08:04 - No active profile set, falling back to 1 default profile: "default"
2026-05-28 17:08:04 - Exception encountered during context initialization - cancelling refresh attempt: java.lang.IllegalStateException: Error processing condition on org.springdoc.webmvc.ui.SwaggerConfig.swaggerWelcome
2026-05-28 17:08:05 - 

Error starting ApplicationContext. To display the condition evaluation report re-run your application with 'debug' enabled.
2026-05-28 17:08:05 - Application run failed
java.lang.IllegalStateException: Error processing condition on org.springdoc.webmvc.ui.SwaggerConfig.swaggerWelcome
	at org.springframework.boot.autoconfigure.condition.SpringBootCondition.matches(SpringBootCondition.java:60)
	at org.springframework.context.annotation.ConditionEvaluator.shouldSkip(ConditionEvaluator.java:100)
	at org.springframework.context.annotation.ConfigurationClassBeanDefinitionReader.loadBeanDefinitionsForBeanMethod(ConfigurationClassBeanDefinitionReader.java:196)
	at org.springframework.context.annotation.ConfigurationClassBeanDefinitionReader.loadBeanDefinitionsForConfigurationClass(ConfigurationClassBeanDefinitionReader.java:148)
	at org.springframework.context.annotation.ConfigurationClassBeanDefinitionReader.loadBeanDefinitions(ConfigurationClassBeanDefinitionReader.java:124)
	at org.springframework.context.annotation.ConfigurationClassPostProcessor.processConfigBeanDefinitions(ConfigurationClassPostProcessor.java:464)
	at org.springframework.context.annotation.ConfigurationClassPostProcessor.postProcessBeanDefinitionRegistry(ConfigurationClassPostProcessor.java:316)
	at org.springframework.context.support.PostProcessorRegistrationDelegate.invokeBeanDefinitionRegistryPostProcessors(PostProcessorRegistrationDelegate.java:349)
	at org.springframework.context.support.PostProcessorRegistrationDelegate.invokeBeanFactoryPostProcessors(PostProcessorRegistrationDelegate.java:118)
	at org.springframework.context.support.AbstractApplicationContext.invokeBeanFactoryPostProcessors(AbstractApplicationContext.java:795)
	at org.springframework.context.support.AbstractApplicationContext.refresh(AbstractApplicationContext.java:603)
	at org.springframework.boot.web.server.servlet.context.ServletWebServerApplicationContext.refresh(ServletWebServerApplicationContext.java:143)
	at org.springframework.boot.SpringApplication.refresh(SpringApplication.java:756)
	at org.springframework.boot.SpringApplication.refreshContext(SpringApplication.java:445)
	at org.springframework.boot.SpringApplication.run(SpringApplication.java:321)
	at org.springframework.boot.SpringApplication.run(SpringApplication.java:1365)
	at org.springframework.boot.SpringApplication.run(SpringApplication.java:1354)
	at io.github.EduardoAraujoPires.sistema.ingressos.IngressosApplication.main(IngressosApplication.java:12)
Caused by: java.lang.IllegalStateException: @ConditionalOnMissingBean did not specify a bean using type, name or annotation and the attempt to deduce the bean's type failed
	at org.springframework.boot.autoconfigure.condition.OnBeanCondition$Spec.validate(OnBeanCondition.java:657)
	at org.springframework.boot.autoconfigure.condition.OnBeanCondition$Spec.<init>(OnBeanCondition.java:603)
	at org.springframework.boot.autoconfigure.condition.OnBeanCondition.getMatchOutcome(OnBeanCondition.java:147)
	at org.springframework.boot.autoconfigure.condition.SpringBootCondition.matches(SpringBootCondition.java:47)
	... 17 common frames omitted
Caused by: org.springframework.boot.autoconfigure.condition.OnBeanCondition$BeanTypeDeductionException: Failed to deduce bean type for org.springdoc.webmvc.ui.SwaggerConfig.swaggerWelcome
	at org.springframework.boot.autoconfigure.condition.OnBeanCondition$Spec.deducedBeanTypeForBeanMethod(OnBeanCondition.java:686)
	at org.springframework.boot.autoconfigure.condition.OnBeanCondition$Spec.deducedBeanType(OnBeanCondition.java:676)
	at org.springframework.boot.autoconfigure.condition.OnBeanCondition$Spec.<init>(OnBeanCondition.java:596)
	... 19 common frames omitted
Caused by: java.lang.IllegalStateException: Failed to introspect Class [org.springdoc.webmvc.ui.SwaggerConfig] from ClassLoader [jdk.internal.loader.ClassLoaders$AppClassLoader@76ed5528]
	at org.springframework.util.ReflectionUtils.getDeclaredMethods(ReflectionUtils.java:483)
	at org.springframework.util.ReflectionUtils.findMethod(ReflectionUtils.java:240)
	at org.springframework.util.ReflectionUtils.findMethod(ReflectionUtils.java:221)
	at org.springframework.boot.autoconfigure.condition.OnBeanCondition$Spec.findBeanMethod(OnBeanCondition.java:715)
	at org.springframework.boot.autoconfigure.condition.OnBeanCondition$Spec.getMethodReturnType(OnBeanCondition.java:710)
	at org.springframework.boot.autoconfigure.condition.OnBeanCondition$Spec.getReturnType(OnBeanCondition.java:694)
	at org.springframework.boot.autoconfigure.condition.OnBeanCondition$Spec.deducedBeanTypeForBeanMethod(OnBeanCondition.java:683)
	... 21 common frames omitted
Caused by: java.lang.NoClassDefFoundError: org/springframework/boot/autoconfigure/web/servlet/WebMvcProperties
	at java.base/java.lang.Class.getDeclaredMethods0(Native Method)
	at java.base/java.lang.Class.privateGetDeclaredMethods(Class.java:3580)
	at java.base/java.lang.Class.getDeclaredMethods(Class.java:2678)
	at org.springframework.util.ReflectionUtils.getDeclaredMethods(ReflectionUtils.java:465)
	... 27 common frames omitted
Caused by: java.lang.ClassNotFoundException: org.springframework.boot.autoconfigure.web.servlet.WebMvcProperties
	at java.base/jdk.internal.loader.BuiltinClassLoader.loadClass(BuiltinClassLoader.java:641)
	at java.base/jdk.internal.loader.ClassLoaders$AppClassLoader.loadClass(ClassLoaders.java:188)
	at java.base/java.lang.ClassLoader.loadClass(ClassLoader.java:526)
	... 31 common frames omitted
2026-05-28 17:08:44 - Starting IngressosApplication using Java 21.0.9 with PID 1928 (C:\Spring_Boot Eduardo\Curso_SpringBoot\ingressos\target\classes started by eduardo in C:\Spring_Boot Eduardo\Curso_SpringBoot\ingressos)
2026-05-28 17:08:44 - Running with Spring Boot v4.0.6, Spring v7.0.7
2026-05-28 17:08:44 - No active profile set, falling back to 1 default profile: "default"
2026-05-28 17:08:45 - Exception encountered during context initialization - cancelling refresh attempt: java.lang.IllegalStateException: Error processing condition on org.springdoc.webmvc.ui.SwaggerConfig.swaggerWelcome
2026-05-28 17:08:45 - 

Error starting ApplicationContext. To display the condition evaluation report re-run your application with 'debug' enabled.
2026-05-28 17:08:45 - Application run failed
java.lang.IllegalStateException: Error processing condition on org.springdoc.webmvc.ui.SwaggerConfig.swaggerWelcome
	at org.springframework.boot.autoconfigure.condition.SpringBootCondition.matches(SpringBootCondition.java:60)
	at org.springframework.context.annotation.ConditionEvaluator.shouldSkip(ConditionEvaluator.java:100)
	at org.springframework.context.annotation.ConfigurationClassBeanDefinitionReader.loadBeanDefinitionsForBeanMethod(ConfigurationClassBeanDefinitionReader.java:196)
	at org.springframework.context.annotation.ConfigurationClassBeanDefinitionReader.loadBeanDefinitionsForConfigurationClass(ConfigurationClassBeanDefinitionReader.java:148)
	at org.springframework.context.annotation.ConfigurationClassBeanDefinitionReader.loadBeanDefinitions(ConfigurationClassBeanDefinitionReader.java:124)
	at org.springframework.context.annotation.ConfigurationClassPostProcessor.processConfigBeanDefinitions(ConfigurationClassPostProcessor.java:464)
	at org.springframework.context.annotation.ConfigurationClassPostProcessor.postProcessBeanDefinitionRegistry(ConfigurationClassPostProcessor.java:316)
	at org.springframework.context.support.PostProcessorRegistrationDelegate.invokeBeanDefinitionRegistryPostProcessors(PostProcessorRegistrationDelegate.java:349)
	at org.springframework.context.support.PostProcessorRegistrationDelegate.invokeBeanFactoryPostProcessors(PostProcessorRegistrationDelegate.java:118)
	at org.springframework.context.support.AbstractApplicationContext.invokeBeanFactoryPostProcessors(AbstractApplicationContext.java:795)
	at org.springframework.context.support.AbstractApplicationContext.refresh(AbstractApplicationContext.java:603)
	at org.springframework.boot.web.server.servlet.context.ServletWebServerApplicationContext.refresh(ServletWebServerApplicationContext.java:143)
	at org.springframework.boot.SpringApplication.refresh(SpringApplication.java:756)
	at org.springframework.boot.SpringApplication.refreshContext(SpringApplication.java:445)
	at org.springframework.boot.SpringApplication.run(SpringApplication.java:321)
	at org.springframework.boot.SpringApplication.run(SpringApplication.java:1365)
	at org.springframework.boot.SpringApplication.run(SpringApplication.java:1354)
	at io.github.EduardoAraujoPires.sistema.ingressos.IngressosApplication.main(IngressosApplication.java:12)
Caused by: java.lang.IllegalStateException: @ConditionalOnMissingBean did not specify a bean using type, name or annotation and the attempt to deduce the bean's type failed
	at org.springframework.boot.autoconfigure.condition.OnBeanCondition$Spec.validate(OnBeanCondition.java:657)
	at org.springframework.boot.autoconfigure.condition.OnBeanCondition$Spec.<init>(OnBeanCondition.java:603)
	at org.springframework.boot.autoconfigure.condition.OnBeanCondition.getMatchOutcome(OnBeanCondition.java:147)
	at org.springframework.boot.autoconfigure.condition.SpringBootCondition.matches(SpringBootCondition.java:47)
	... 17 common frames omitted
Caused by: org.springframework.boot.autoconfigure.condition.OnBeanCondition$BeanTypeDeductionException: Failed to deduce bean type for org.springdoc.webmvc.ui.SwaggerConfig.swaggerWelcome
	at org.springframework.boot.autoconfigure.condition.OnBeanCondition$Spec.deducedBeanTypeForBeanMethod(OnBeanCondition.java:686)
	at org.springframework.boot.autoconfigure.condition.OnBeanCondition$Spec.deducedBeanType(OnBeanCondition.java:676)
	at org.springframework.boot.autoconfigure.condition.OnBeanCondition$Spec.<init>(OnBeanCondition.java:596)
	... 19 common frames omitted
Caused by: java.lang.IllegalStateException: Failed to introspect Class [org.springdoc.webmvc.ui.SwaggerConfig] from ClassLoader [jdk.internal.loader.ClassLoaders$AppClassLoader@76ed5528]
	at org.springframework.util.ReflectionUtils.getDeclaredMethods(ReflectionUtils.java:483)
	at org.springframework.util.ReflectionUtils.findMethod(ReflectionUtils.java:240)
	at org.springframework.util.ReflectionUtils.findMethod(ReflectionUtils.java:221)
	at org.springframework.boot.autoconfigure.condition.OnBeanCondition$Spec.findBeanMethod(OnBeanCondition.java:715)
	at org.springframework.boot.autoconfigure.condition.OnBeanCondition$Spec.getMethodReturnType(OnBeanCondition.java:710)
	at org.springframework.boot.autoconfigure.condition.OnBeanCondition$Spec.getReturnType(OnBeanCondition.java:694)
	at org.springframework.boot.autoconfigure.condition.OnBeanCondition$Spec.deducedBeanTypeForBeanMethod(OnBeanCondition.java:683)
	... 21 common frames omitted
Caused by: java.lang.NoClassDefFoundError: org/springframework/boot/autoconfigure/web/servlet/WebMvcProperties
	at java.base/java.lang.Class.getDeclaredMethods0(Native Method)
	at java.base/java.lang.Class.privateGetDeclaredMethods(Class.java:3580)
	at java.base/java.lang.Class.getDeclaredMethods(Class.java:2678)
	at org.springframework.util.ReflectionUtils.getDeclaredMethods(ReflectionUtils.java:465)
	... 27 common frames omitted
Caused by: java.lang.ClassNotFoundException: org.springframework.boot.autoconfigure.web.servlet.WebMvcProperties
	at java.base/jdk.internal.loader.BuiltinClassLoader.loadClass(BuiltinClassLoader.java:641)
	at java.base/jdk.internal.loader.ClassLoaders$AppClassLoader.loadClass(ClassLoaders.java:188)
	at java.base/java.lang.ClassLoader.loadClass(ClassLoader.java:526)
	... 31 common frames omitted
2026-05-28 17:11:08 - Starting IngressosApplication using Java 21.0.9 with PID 4764 (C:\Spring_Boot Eduardo\Curso_SpringBoot\ingressos\target\classes started by eduardo in C:\Spring_Boot Eduardo\Curso_SpringBoot\ingressos)
2026-05-28 17:11:08 - Running with Spring Boot v4.0.6, Spring v7.0.7
2026-05-28 17:11:08 - No active profile set, falling back to 1 default profile: "default"
2026-05-28 17:11:08 - Exception encountered during context initialization - cancelling refresh attempt: java.lang.IllegalStateException: Error processing condition on org.springdoc.webmvc.ui.SwaggerConfig.swaggerWelcome
2026-05-28 17:11:08 - 

Error starting ApplicationContext. To display the condition evaluation report re-run your application with 'debug' enabled.
2026-05-28 17:11:08 - Application run failed
java.lang.IllegalStateException: Error processing condition on org.springdoc.webmvc.ui.SwaggerConfig.swaggerWelcome
	at org.springframework.boot.autoconfigure.condition.SpringBootCondition.matches(SpringBootCondition.java:60)
	at org.springframework.context.annotation.ConditionEvaluator.shouldSkip(ConditionEvaluator.java:100)
	at org.springframework.context.annotation.ConfigurationClassBeanDefinitionReader.loadBeanDefinitionsForBeanMethod(ConfigurationClassBeanDefinitionReader.java:196)
	at org.springframework.context.annotation.ConfigurationClassBeanDefinitionReader.loadBeanDefinitionsForConfigurationClass(ConfigurationClassBeanDefinitionReader.java:148)
	at org.springframework.context.annotation.ConfigurationClassBeanDefinitionReader.loadBeanDefinitions(ConfigurationClassBeanDefinitionReader.java:124)
	at org.springframework.context.annotation.ConfigurationClassPostProcessor.processConfigBeanDefinitions(ConfigurationClassPostProcessor.java:464)
	at org.springframework.context.annotation.ConfigurationClassPostProcessor.postProcessBeanDefinitionRegistry(ConfigurationClassPostProcessor.java:316)
	at org.springframework.context.support.PostProcessorRegistrationDelegate.invokeBeanDefinitionRegistryPostProcessors(PostProcessorRegistrationDelegate.java:349)
	at org.springframework.context.support.PostProcessorRegistrationDelegate.invokeBeanFactoryPostProcessors(PostProcessorRegistrationDelegate.java:118)
	at org.springframework.context.support.AbstractApplicationContext.invokeBeanFactoryPostProcessors(AbstractApplicationContext.java:795)
	at org.springframework.context.support.AbstractApplicationContext.refresh(AbstractApplicationContext.java:603)
	at org.springframework.boot.web.server.servlet.context.ServletWebServerApplicationContext.refresh(ServletWebServerApplicationContext.java:143)
	at org.springframework.boot.SpringApplication.refresh(SpringApplication.java:756)
	at org.springframework.boot.SpringApplication.refreshContext(SpringApplication.java:445)
	at org.springframework.boot.SpringApplication.run(SpringApplication.java:321)
	at org.springframework.boot.SpringApplication.run(SpringApplication.java:1365)
	at org.springframework.boot.SpringApplication.run(SpringApplication.java:1354)
	at io.github.EduardoAraujoPires.sistema.ingressos.IngressosApplication.main(IngressosApplication.java:12)
Caused by: java.lang.IllegalStateException: @ConditionalOnMissingBean did not specify a bean using type, name or annotation and the attempt to deduce the bean's type failed
	at org.springframework.boot.autoconfigure.condition.OnBeanCondition$Spec.validate(OnBeanCondition.java:657)
	at org.springframework.boot.autoconfigure.condition.OnBeanCondition$Spec.<init>(OnBeanCondition.java:603)
	at org.springframework.boot.autoconfigure.condition.OnBeanCondition.getMatchOutcome(OnBeanCondition.java:147)
	at org.springframework.boot.autoconfigure.condition.SpringBootCondition.matches(SpringBootCondition.java:47)
	... 17 common frames omitted
Caused by: org.springframework.boot.autoconfigure.condition.OnBeanCondition$BeanTypeDeductionException: Failed to deduce bean type for org.springdoc.webmvc.ui.SwaggerConfig.swaggerWelcome
	at org.springframework.boot.autoconfigure.condition.OnBeanCondition$Spec.deducedBeanTypeForBeanMethod(OnBeanCondition.java:686)
	at org.springframework.boot.autoconfigure.condition.OnBeanCondition$Spec.deducedBeanType(OnBeanCondition.java:676)
	at org.springframework.boot.autoconfigure.condition.OnBeanCondition$Spec.<init>(OnBeanCondition.java:596)
	... 19 common frames omitted
Caused by: java.lang.IllegalStateException: Failed to introspect Class [org.springdoc.webmvc.ui.SwaggerConfig] from ClassLoader [jdk.internal.loader.ClassLoaders$AppClassLoader@76ed5528]
	at org.springframework.util.ReflectionUtils.getDeclaredMethods(ReflectionUtils.java:483)
	at org.springframework.util.ReflectionUtils.findMethod(ReflectionUtils.java:240)
	at org.springframework.util.ReflectionUtils.findMethod(ReflectionUtils.java:221)
	at org.springframework.boot.autoconfigure.condition.OnBeanCondition$Spec.findBeanMethod(OnBeanCondition.java:715)
	at org.springframework.boot.autoconfigure.condition.OnBeanCondition$Spec.getMethodReturnType(OnBeanCondition.java:710)
	at org.springframework.boot.autoconfigure.condition.OnBeanCondition$Spec.getReturnType(OnBeanCondition.java:694)
	at org.springframework.boot.autoconfigure.condition.OnBeanCondition$Spec.deducedBeanTypeForBeanMethod(OnBeanCondition.java:683)
	... 21 common frames omitted
Caused by: java.lang.NoClassDefFoundError: org/springframework/boot/autoconfigure/web/servlet/WebMvcProperties
	at java.base/java.lang.Class.getDeclaredMethods0(Native Method)
	at java.base/java.lang.Class.privateGetDeclaredMethods(Class.java:3580)
	at java.base/java.lang.Class.getDeclaredMethods(Class.java:2678)
	at org.springframework.util.ReflectionUtils.getDeclaredMethods(ReflectionUtils.java:465)
	... 27 common frames omitted
Caused by: java.lang.ClassNotFoundException: org.springframework.boot.autoconfigure.web.servlet.WebMvcProperties
	at java.base/jdk.internal.loader.BuiltinClassLoader.loadClass(BuiltinClassLoader.java:641)
	at java.base/jdk.internal.loader.ClassLoaders$AppClassLoader.loadClass(ClassLoaders.java:188)
	at java.base/java.lang.ClassLoader.loadClass(ClassLoader.java:526)
	... 31 common frames omitted
2026-05-28 17:13:19 - Starting IngressosApplication using Java 21.0.9 with PID 14320 (C:\Spring_Boot Eduardo\Curso_SpringBoot\ingressos\target\classes started by eduardo in C:\Spring_Boot Eduardo\Curso_SpringBoot\ingressos)
2026-05-28 17:13:19 - Running with Spring Boot v3.5.14, Spring v6.2.18
2026-05-28 17:13:19 - No active profile set, falling back to 1 default profile: "default"
2026-05-28 17:13:20 - Bootstrapping Spring Data JPA repositories in DEFAULT mode.
2026-05-28 17:13:20 - Finished Spring Data repository scanning in 51 ms. Found 2 JPA repository interfaces.
2026-05-28 17:13:21 - Tomcat initialized with port 8080 (http)
2026-05-28 17:13:21 - Starting service [Tomcat]
2026-05-28 17:13:21 - Starting Servlet engine: [Apache Tomcat/10.1.54]
2026-05-28 17:13:21 - Initializing Spring embedded WebApplicationContext
2026-05-28 17:13:21 - Root WebApplicationContext: initialization completed in 1450 ms
2026-05-28 17:13:21 - No LoadTimeWeaver setup: ignoring JPA class transformer
2026-05-28 17:13:21 - HikariPool-1 - Starting...
2026-05-28 17:13:21 - HikariPool-1 - Added connection org.postgresql.jdbc.PgConnection@595ec862
2026-05-28 17:13:21 - HikariPool-1 - Start completed.
2026-05-28 17:13:21 - HHH90000025: PostgreSQLDialect does not need to be specified explicitly using 'hibernate.dialect' (remove the property setting and it will be selected by default)
2026-05-28 17:13:22 - Initialized JPA EntityManagerFactory for persistence unit 'default'
2026-05-28 17:13:23 - Hibernate is in classpath; If applicable, HQL parser will be used.
2026-05-28 17:13:23 - spring.jpa.open-in-view is enabled by default. Therefore, database queries may be performed during view rendering. Explicitly configure spring.jpa.open-in-view to disable this warning
2026-05-28 17:13:24 - Tomcat started on port 8080 (http) with context path '/'
2026-05-28 17:13:24 - Started IngressosApplication in 5.071 seconds (process running for 5.456)
2026-05-28 17:13:24 - SpringDoc /v3/api-docs endpoint is enabled by default. To disable it in production, set the property 'springdoc.api-docs.enabled=false'
2026-05-28 17:13:24 - SpringDoc /swagger-ui.html endpoint is enabled by default. To disable it in production, set the property 'springdoc.swagger-ui.enabled=false'
2026-05-28 17:13:27 - Initializing Spring DispatcherServlet 'dispatcherServlet'
2026-05-28 17:13:27 - Initializing Servlet 'dispatcherServlet'
2026-05-28 17:13:27 - Completed initialization in 1 ms
2026-05-28 17:13:28 - Init duration for springdoc-openapi is: 369 ms
2026-05-28 17:23:30 - Commencing graceful shutdown. Waiting for active requests to complete
2026-05-28 17:23:30 - Graceful shutdown complete
2026-05-28 17:23:30 - Closing JPA EntityManagerFactory for persistence unit 'default'
2026-05-28 17:23:30 - HikariPool-1 - Shutdown initiated...
2026-05-28 17:23:30 - HikariPool-1 - Shutdown completed.
2026-05-28 17:29:55 - Starting IngressosApplication using Java 21.0.9 with PID 1688 (C:\Spring_Boot Eduardo\Curso_SpringBoot\ingressos\target\classes started by eduardo in C:\Spring_Boot Eduardo\Curso_SpringBoot\ingressos)
2026-05-28 17:29:55 - Running with Spring Boot v3.5.14, Spring v6.2.18
2026-05-28 17:29:55 - No active profile set, falling back to 1 default profile: "default"
2026-05-28 17:29:56 - Bootstrapping Spring Data JPA repositories in DEFAULT mode.
2026-05-28 17:29:56 - Finished Spring Data repository scanning in 51 ms. Found 2 JPA repository interfaces.
2026-05-28 17:29:57 - Tomcat initialized with port 8080 (http)
2026-05-28 17:29:57 - Starting service [Tomcat]
2026-05-28 17:29:57 - Starting Servlet engine: [Apache Tomcat/10.1.54]
2026-05-28 17:29:57 - Initializing Spring embedded WebApplicationContext
2026-05-28 17:29:57 - Root WebApplicationContext: initialization completed in 1764 ms
2026-05-28 17:29:57 - No LoadTimeWeaver setup: ignoring JPA class transformer
2026-05-28 17:29:58 - HikariPool-1 - Starting...
2026-05-28 17:29:59 - SQL Error: 0, SQLState: 3D000
2026-05-28 17:29:59 - FATAL: database "ingressos" does not exist
2026-05-28 17:29:59 - HHH000342: Could not obtain connection to query metadata
org.hibernate.exception.GenericJDBCException: unable to obtain isolated JDBC connection [FATAL: database "ingressos" does not exist] [n/a]
	at org.hibernate.exception.internal.StandardSQLExceptionConverter.convert(StandardSQLExceptionConverter.java:63)
	at org.hibernate.engine.jdbc.spi.SqlExceptionHelper.convert(SqlExceptionHelper.java:108)
	at org.hibernate.engine.jdbc.spi.SqlExceptionHelper.convert(SqlExceptionHelper.java:94)
	at org.hibernate.resource.transaction.backend.jdbc.internal.JdbcIsolationDelegate.delegateWork(JdbcIsolationDelegate.java:116)
	at org.hibernate.engine.jdbc.env.internal.JdbcEnvironmentInitiator.getJdbcEnvironmentUsingJdbcMetadata(JdbcEnvironmentInitiator.java:334)
	at org.hibernate.engine.jdbc.env.internal.JdbcEnvironmentInitiator.initiateService(JdbcEnvironmentInitiator.java:129)
	at org.hibernate.engine.jdbc.env.internal.JdbcEnvironmentInitiator.initiateService(JdbcEnvironmentInitiator.java:81)
	at org.hibernate.boot.registry.internal.StandardServiceRegistryImpl.initiateService(StandardServiceRegistryImpl.java:130)
	at org.hibernate.service.internal.AbstractServiceRegistryImpl.createService(AbstractServiceRegistryImpl.java:263)
	at org.hibernate.service.internal.AbstractServiceRegistryImpl.initializeService(AbstractServiceRegistryImpl.java:238)
	at org.hibernate.service.internal.AbstractServiceRegistryImpl.getService(AbstractServiceRegistryImpl.java:215)
	at org.hibernate.boot.model.relational.Database.<init>(Database.java:45)
	at org.hibernate.boot.internal.InFlightMetadataCollectorImpl.getDatabase(InFlightMetadataCollectorImpl.java:226)
	at org.hibernate.boot.internal.InFlightMetadataCollectorImpl.<init>(InFlightMetadataCollectorImpl.java:194)
	at org.hibernate.boot.model.process.spi.MetadataBuildingProcess.complete(MetadataBuildingProcess.java:171)
	at org.hibernate.jpa.boot.internal.EntityManagerFactoryBuilderImpl.metadata(EntityManagerFactoryBuilderImpl.java:1442)
	at org.hibernate.jpa.boot.internal.EntityManagerFactoryBuilderImpl.build(EntityManagerFactoryBuilderImpl.java:1513)
	at org.springframework.orm.jpa.vendor.SpringHibernateJpaPersistenceProvider.createContainerEntityManagerFactory(SpringHibernateJpaPersistenceProvider.java:66)
	at org.springframework.orm.jpa.LocalContainerEntityManagerFactoryBean.createNativeEntityManagerFactory(LocalContainerEntityManagerFactoryBean.java:388)
	at org.springframework.orm.jpa.AbstractEntityManagerFactoryBean.buildNativeEntityManagerFactory(AbstractEntityManagerFactoryBean.java:419)
	at org.springframework.orm.jpa.AbstractEntityManagerFactoryBean.afterPropertiesSet(AbstractEntityManagerFactoryBean.java:400)
	at org.springframework.orm.jpa.LocalContainerEntityManagerFactoryBean.afterPropertiesSet(LocalContainerEntityManagerFactoryBean.java:364)
	at org.springframework.beans.factory.support.AbstractAutowireCapableBeanFactory.invokeInitMethods(AbstractAutowireCapableBeanFactory.java:1873)
	at org.springframework.beans.factory.support.AbstractAutowireCapableBeanFactory.initializeBean(AbstractAutowireCapableBeanFactory.java:1822)
	at org.springframework.beans.factory.support.AbstractAutowireCapableBeanFactory.doCreateBean(AbstractAutowireCapableBeanFactory.java:607)
	at org.springframework.beans.factory.support.AbstractAutowireCapableBeanFactory.createBean(AbstractAutowireCapableBeanFactory.java:529)
	at org.springframework.beans.factory.support.AbstractBeanFactory.lambda$doGetBean$0(AbstractBeanFactory.java:339)
	at org.springframework.beans.factory.support.DefaultSingletonBeanRegistry.getSingleton(DefaultSingletonBeanRegistry.java:373)
	at org.springframework.beans.factory.support.AbstractBeanFactory.doGetBean(AbstractBeanFactory.java:337)
	at org.springframework.beans.factory.support.AbstractBeanFactory.getBean(AbstractBeanFactory.java:207)
	at org.springframework.context.support.AbstractApplicationContext.finishBeanFactoryInitialization(AbstractApplicationContext.java:974)
	at org.springframework.context.support.AbstractApplicationContext.refresh(AbstractApplicationContext.java:628)
	at org.springframework.boot.web.servlet.context.ServletWebServerApplicationContext.refresh(ServletWebServerApplicationContext.java:146)
	at org.springframework.boot.SpringApplication.refresh(SpringApplication.java:752)
	at org.springframework.boot.SpringApplication.refreshContext(SpringApplication.java:439)
	at org.springframework.boot.SpringApplication.run(SpringApplication.java:318)
	at org.springframework.boot.SpringApplication.run(SpringApplication.java:1361)
	at org.springframework.boot.SpringApplication.run(SpringApplication.java:1350)
	at io.github.EduardoAraujoPires.sistema.ingressos.IngressosApplication.main(IngressosApplication.java:12)
Caused by: org.postgresql.util.PSQLException: FATAL: database "ingressos" does not exist
	at org.postgresql.core.v3.QueryExecutorImpl.receiveErrorResponse(QueryExecutorImpl.java:2875)
	at org.postgresql.core.v3.QueryExecutorImpl.readStartupMessages(QueryExecutorImpl.java:3000)
	at org.postgresql.core.v3.QueryExecutorImpl.<init>(QueryExecutorImpl.java:235)
	at org.postgresql.core.v3.ConnectionFactoryImpl.openConnectionImpl(ConnectionFactoryImpl.java:344)
	at org.postgresql.core.ConnectionFactory.openConnection(ConnectionFactory.java:57)
	at org.postgresql.jdbc.PgConnection.<init>(PgConnection.java:290)
	at org.postgresql.Driver.makeConnection(Driver.java:448)
	at org.postgresql.Driver.connect(Driver.java:298)
	at com.zaxxer.hikari.util.DriverDataSource.getConnection(DriverDataSource.java:144)
	at com.zaxxer.hikari.pool.PoolBase.newConnection(PoolBase.java:370)
	at com.zaxxer.hikari.pool.PoolBase.newPoolEntry(PoolBase.java:207)
	at com.zaxxer.hikari.pool.HikariPool.createPoolEntry(HikariPool.java:488)
	at com.zaxxer.hikari.pool.HikariPool.checkFailFast(HikariPool.java:576)
	at com.zaxxer.hikari.pool.HikariPool.<init>(HikariPool.java:97)
	at com.zaxxer.hikari.HikariDataSource.getConnection(HikariDataSource.java:111)
	at org.hibernate.engine.jdbc.connections.internal.DatasourceConnectionProviderImpl.getConnection(DatasourceConnectionProviderImpl.java:126)
	at org.hibernate.engine.jdbc.env.internal.JdbcEnvironmentInitiator$ConnectionProviderJdbcConnectionAccess.obtainConnection(JdbcEnvironmentInitiator.java:485)
	at org.hibernate.resource.transaction.backend.jdbc.internal.JdbcIsolationDelegate.delegateWork(JdbcIsolationDelegate.java:61)
	... 35 common frames omitted
2026-05-28 17:29:59 - HHH90000025: PostgreSQLDialect does not need to be specified explicitly using 'hibernate.dialect' (remove the property setting and it will be selected by default)
2026-05-28 17:29:59 - HikariPool-1 - Starting...
2026-05-28 17:30:00 - SQL Error: 0, SQLState: 3D000
2026-05-28 17:30:00 - FATAL: database "ingressos" does not exist
2026-05-28 17:30:00 - Failed to initialize JPA EntityManagerFactory: [PersistenceUnit: default] Unable to build Hibernate SessionFactory; nested exception is org.hibernate.exception.GenericJDBCException: Unable to open JDBC Connection for DDL execution [FATAL: database "ingressos" does not exist] [n/a]
2026-05-28 17:30:00 - Exception encountered during context initialization - cancelling refresh attempt: org.springframework.beans.factory.BeanCreationException: Error creating bean with name 'entityManagerFactory' defined in class path resource [org/springframework/boot/autoconfigure/orm/jpa/HibernateJpaConfiguration.class]: [PersistenceUnit: default] Unable to build Hibernate SessionFactory; nested exception is org.hibernate.exception.GenericJDBCException: Unable to open JDBC Connection for DDL execution [FATAL: database "ingressos" does not exist] [n/a]
2026-05-28 17:30:00 - Stopping service [Tomcat]
2026-05-28 17:30:00 - 

Error starting ApplicationContext. To display the condition evaluation report re-run your application with 'debug' enabled.
2026-05-28 17:30:01 - Application run failed
org.springframework.beans.factory.BeanCreationException: Error creating bean with name 'entityManagerFactory' defined in class path resource [org/springframework/boot/autoconfigure/orm/jpa/HibernateJpaConfiguration.class]: [PersistenceUnit: default] Unable to build Hibernate SessionFactory; nested exception is org.hibernate.exception.GenericJDBCException: Unable to open JDBC Connection for DDL execution [FATAL: database "ingressos" does not exist] [n/a]
	at org.springframework.beans.factory.support.AbstractAutowireCapableBeanFactory.initializeBean(AbstractAutowireCapableBeanFactory.java:1826)
	at org.springframework.beans.factory.support.AbstractAutowireCapableBeanFactory.doCreateBean(AbstractAutowireCapableBeanFactory.java:607)
	at org.springframework.beans.factory.support.AbstractAutowireCapableBeanFactory.createBean(AbstractAutowireCapableBeanFactory.java:529)
	at org.springframework.beans.factory.support.AbstractBeanFactory.lambda$doGetBean$0(AbstractBeanFactory.java:339)
	at org.springframework.beans.factory.support.DefaultSingletonBeanRegistry.getSingleton(DefaultSingletonBeanRegistry.java:373)
	at org.springframework.beans.factory.support.AbstractBeanFactory.doGetBean(AbstractBeanFactory.java:337)
	at org.springframework.beans.factory.support.AbstractBeanFactory.getBean(AbstractBeanFactory.java:207)
	at org.springframework.context.support.AbstractApplicationContext.finishBeanFactoryInitialization(AbstractApplicationContext.java:974)
	at org.springframework.context.support.AbstractApplicationContext.refresh(AbstractApplicationContext.java:628)
	at org.springframework.boot.web.servlet.context.ServletWebServerApplicationContext.refresh(ServletWebServerApplicationContext.java:146)
	at org.springframework.boot.SpringApplication.refresh(SpringApplication.java:752)
	at org.springframework.boot.SpringApplication.refreshContext(SpringApplication.java:439)
	at org.springframework.boot.SpringApplication.run(SpringApplication.java:318)
	at org.springframework.boot.SpringApplication.run(SpringApplication.java:1361)
	at org.springframework.boot.SpringApplication.run(SpringApplication.java:1350)
	at io.github.EduardoAraujoPires.sistema.ingressos.IngressosApplication.main(IngressosApplication.java:12)
Caused by: jakarta.persistence.PersistenceException: [PersistenceUnit: default] Unable to build Hibernate SessionFactory; nested exception is org.hibernate.exception.GenericJDBCException: Unable to open JDBC Connection for DDL execution [FATAL: database "ingressos" does not exist] [n/a]
	at org.springframework.orm.jpa.AbstractEntityManagerFactoryBean.buildNativeEntityManagerFactory(AbstractEntityManagerFactoryBean.java:431)
	at org.springframework.orm.jpa.AbstractEntityManagerFactoryBean.afterPropertiesSet(AbstractEntityManagerFactoryBean.java:400)
	at org.springframework.orm.jpa.LocalContainerEntityManagerFactoryBean.afterPropertiesSet(LocalContainerEntityManagerFactoryBean.java:364)
	at org.springframework.beans.factory.support.AbstractAutowireCapableBeanFactory.invokeInitMethods(AbstractAutowireCapableBeanFactory.java:1873)
	at org.springframework.beans.factory.support.AbstractAutowireCapableBeanFactory.initializeBean(AbstractAutowireCapableBeanFactory.java:1822)
	... 15 common frames omitted
Caused by: org.hibernate.exception.GenericJDBCException: Unable to open JDBC Connection for DDL execution [FATAL: database "ingressos" does not exist] [n/a]
	at org.hibernate.exception.internal.StandardSQLExceptionConverter.convert(StandardSQLExceptionConverter.java:63)
	at org.hibernate.engine.jdbc.spi.SqlExceptionHelper.convert(SqlExceptionHelper.java:108)
	at org.hibernate.engine.jdbc.spi.SqlExceptionHelper.convert(SqlExceptionHelper.java:94)
	at org.hibernate.resource.transaction.backend.jdbc.internal.DdlTransactionIsolatorNonJtaImpl.getIsolatedConnection(DdlTransactionIsolatorNonJtaImpl.java:74)
	at org.hibernate.resource.transaction.backend.jdbc.internal.DdlTransactionIsolatorNonJtaImpl.getIsolatedConnection(DdlTransactionIsolatorNonJtaImpl.java:39)
	at org.hibernate.tool.schema.internal.exec.ImprovedExtractionContextImpl.getJdbcConnection(ImprovedExtractionContextImpl.java:63)
	at org.hibernate.tool.schema.extract.spi.ExtractionContext.getQueryResults(ExtractionContext.java:43)
	at org.hibernate.tool.schema.extract.internal.SequenceInformationExtractorLegacyImpl.extractMetadata(SequenceInformationExtractorLegacyImpl.java:39)
	at org.hibernate.tool.schema.extract.internal.DatabaseInformationImpl.initializeSequences(DatabaseInformationImpl.java:66)
	at org.hibernate.tool.schema.extract.internal.DatabaseInformationImpl.<init>(DatabaseInformationImpl.java:60)
	at org.hibernate.tool.schema.internal.Helper.buildDatabaseInformation(Helper.java:185)
	at org.hibernate.tool.schema.internal.AbstractSchemaMigrator.doMigration(AbstractSchemaMigrator.java:93)
	at org.hibernate.tool.schema.spi.SchemaManagementToolCoordinator.performDatabaseAction(SchemaManagementToolCoordinator.java:280)
	at org.hibernate.tool.schema.spi.SchemaManagementToolCoordinator.lambda$process$5(SchemaManagementToolCoordinator.java:144)
	at java.base/java.util.HashMap.forEach(HashMap.java:1429)
	at org.hibernate.tool.schema.spi.SchemaManagementToolCoordinator.process(SchemaManagementToolCoordinator.java:141)
	at org.hibernate.boot.internal.SessionFactoryObserverForSchemaExport.sessionFactoryCreated(SessionFactoryObserverForSchemaExport.java:37)
	at org.hibernate.internal.SessionFactoryObserverChain.sessionFactoryCreated(SessionFactoryObserverChain.java:35)
	at org.hibernate.internal.SessionFactoryImpl.<init>(SessionFactoryImpl.java:324)
	at org.hibernate.boot.internal.SessionFactoryBuilderImpl.build(SessionFactoryBuilderImpl.java:463)
	at org.hibernate.jpa.boot.internal.EntityManagerFactoryBuilderImpl.build(EntityManagerFactoryBuilderImpl.java:1517)
	at org.springframework.orm.jpa.vendor.SpringHibernateJpaPersistenceProvider.createContainerEntityManagerFactory(SpringHibernateJpaPersistenceProvider.java:66)
	at org.springframework.orm.jpa.LocalContainerEntityManagerFactoryBean.createNativeEntityManagerFactory(LocalContainerEntityManagerFactoryBean.java:388)
	at org.springframework.orm.jpa.AbstractEntityManagerFactoryBean.buildNativeEntityManagerFactory(AbstractEntityManagerFactoryBean.java:419)
	... 19 common frames omitted
Caused by: org.postgresql.util.PSQLException: FATAL: database "ingressos" does not exist
	at org.postgresql.core.v3.QueryExecutorImpl.receiveErrorResponse(QueryExecutorImpl.java:2875)
	at org.postgresql.core.v3.QueryExecutorImpl.readStartupMessages(QueryExecutorImpl.java:3000)
	at org.postgresql.core.v3.QueryExecutorImpl.<init>(QueryExecutorImpl.java:235)
	at org.postgresql.core.v3.ConnectionFactoryImpl.openConnectionImpl(ConnectionFactoryImpl.java:344)
	at org.postgresql.core.ConnectionFactory.openConnection(ConnectionFactory.java:57)
	at org.postgresql.jdbc.PgConnection.<init>(PgConnection.java:290)
	at org.postgresql.Driver.makeConnection(Driver.java:448)
	at org.postgresql.Driver.connect(Driver.java:298)
	at com.zaxxer.hikari.util.DriverDataSource.getConnection(DriverDataSource.java:144)
	at com.zaxxer.hikari.pool.PoolBase.newConnection(PoolBase.java:370)
	at com.zaxxer.hikari.pool.PoolBase.newPoolEntry(PoolBase.java:207)
	at com.zaxxer.hikari.pool.HikariPool.createPoolEntry(HikariPool.java:488)
	at com.zaxxer.hikari.pool.HikariPool.checkFailFast(HikariPool.java:576)
	at com.zaxxer.hikari.pool.HikariPool.<init>(HikariPool.java:97)
	at com.zaxxer.hikari.HikariDataSource.getConnection(HikariDataSource.java:111)
	at org.hibernate.engine.jdbc.connections.internal.DatasourceConnectionProviderImpl.getConnection(DatasourceConnectionProviderImpl.java:126)
	at org.hibernate.engine.jdbc.env.internal.JdbcEnvironmentInitiator$ConnectionProviderJdbcConnectionAccess.obtainConnection(JdbcEnvironmentInitiator.java:485)
	at org.hibernate.resource.transaction.backend.jdbc.internal.DdlTransactionIsolatorNonJtaImpl.getIsolatedConnection(DdlTransactionIsolatorNonJtaImpl.java:46)
	... 39 common frames omitted
2026-05-28 17:30:15 - Starting IngressosApplication using Java 21.0.9 with PID 9524 (C:\Spring_Boot Eduardo\Curso_SpringBoot\ingressos\target\classes started by eduardo in C:\Spring_Boot Eduardo\Curso_SpringBoot\ingressos)
2026-05-28 17:30:15 - Running with Spring Boot v3.5.14, Spring v6.2.18
2026-05-28 17:30:15 - No active profile set, falling back to 1 default profile: "default"
2026-05-28 17:30:16 - Bootstrapping Spring Data JPA repositories in DEFAULT mode.
2026-05-28 17:30:16 - Finished Spring Data repository scanning in 58 ms. Found 2 JPA repository interfaces.
2026-05-28 17:30:17 - Tomcat initialized with port 8080 (http)
2026-05-28 17:30:17 - Starting service [Tomcat]
2026-05-28 17:30:17 - Starting Servlet engine: [Apache Tomcat/10.1.54]
2026-05-28 17:30:17 - Initializing Spring embedded WebApplicationContext
2026-05-28 17:30:17 - Root WebApplicationContext: initialization completed in 1564 ms
2026-05-28 17:30:18 - No LoadTimeWeaver setup: ignoring JPA class transformer
2026-05-28 17:30:18 - HikariPool-1 - Starting...
2026-05-28 17:30:18 - HikariPool-1 - Added connection org.postgresql.jdbc.PgConnection@54e0f76f
2026-05-28 17:30:18 - HikariPool-1 - Start completed.
2026-05-28 17:30:18 - HHH90000025: PostgreSQLDialect does not need to be specified explicitly using 'hibernate.dialect' (remove the property setting and it will be selected by default)
2026-05-28 17:30:19 - Initialized JPA EntityManagerFactory for persistence unit 'default'
2026-05-28 17:30:19 - Hibernate is in classpath; If applicable, HQL parser will be used.
2026-05-28 17:30:20 - spring.jpa.open-in-view is enabled by default. Therefore, database queries may be performed during view rendering. Explicitly configure spring.jpa.open-in-view to disable this warning
2026-05-28 17:30:20 - Tomcat started on port 8080 (http) with context path '/'
2026-05-28 17:30:20 - Started IngressosApplication in 5.18 seconds (process running for 5.589)
2026-05-28 17:30:20 - SpringDoc /v3/api-docs endpoint is enabled by default. To disable it in production, set the property 'springdoc.api-docs.enabled=false'
2026-05-28 17:30:20 - SpringDoc /swagger-ui.html endpoint is enabled by default. To disable it in production, set the property 'springdoc.swagger-ui.enabled=false'
2026-05-28 17:30:43 - Initializing Spring DispatcherServlet 'dispatcherServlet'
2026-05-28 17:30:43 - Initializing Servlet 'dispatcherServlet'
2026-05-28 17:30:43 - Completed initialization in 0 ms
2026-05-28 17:30:43 - Init duration for springdoc-openapi is: 373 ms
2026-05-28 17:38:07 - Commencing graceful shutdown. Waiting for active requests to complete
2026-05-28 17:38:07 - Graceful shutdown complete
2026-05-28 17:38:07 - Closing JPA EntityManagerFactory for persistence unit 'default'
2026-05-28 17:38:07 - HikariPool-1 - Shutdown initiated...
2026-05-28 17:38:07 - HikariPool-1 - Shutdown completed.
2026-05-28 17:43:14 - Starting IngressosApplication using Java 21.0.9 with PID 5388 (C:\Spring_Boot Eduardo\Curso_SpringBoot\ingressos\target\classes started by eduardo in C:\Spring_Boot Eduardo\Curso_SpringBoot\ingressos)
2026-05-28 17:43:14 - Running with Spring Boot v3.5.14, Spring v6.2.18
2026-05-28 17:43:14 - No active profile set, falling back to 1 default profile: "default"
2026-05-28 17:43:15 - Bootstrapping Spring Data JPA repositories in DEFAULT mode.
2026-05-28 17:43:15 - Finished Spring Data repository scanning in 53 ms. Found 2 JPA repository interfaces.
2026-05-28 17:43:15 - Tomcat initialized with port 8080 (http)
2026-05-28 17:43:15 - Starting service [Tomcat]
2026-05-28 17:43:15 - Starting Servlet engine: [Apache Tomcat/10.1.54]
2026-05-28 17:43:16 - Initializing Spring embedded WebApplicationContext
2026-05-28 17:43:16 - Root WebApplicationContext: initialization completed in 1511 ms
2026-05-28 17:43:16 - No LoadTimeWeaver setup: ignoring JPA class transformer
2026-05-28 17:43:16 - HikariPool-1 - Starting...
2026-05-28 17:43:16 - HikariPool-1 - Added connection org.postgresql.jdbc.PgConnection@3a709cc7
2026-05-28 17:43:16 - HikariPool-1 - Start completed.
2026-05-28 17:43:16 - HHH90000025: PostgreSQLDialect does not need to be specified explicitly using 'hibernate.dialect' (remove the property setting and it will be selected by default)
2026-05-28 17:43:17 - Initialized JPA EntityManagerFactory for persistence unit 'default'
2026-05-28 17:43:17 - Hibernate is in classpath; If applicable, HQL parser will be used.
2026-05-28 17:43:18 - spring.jpa.open-in-view is enabled by default. Therefore, database queries may be performed during view rendering. Explicitly configure spring.jpa.open-in-view to disable this warning
2026-05-28 17:43:18 - Tomcat started on port 8080 (http) with context path '/'
2026-05-28 17:43:18 - Started IngressosApplication in 4.945 seconds (process running for 5.326)
2026-05-28 17:43:18 - SpringDoc /v3/api-docs endpoint is enabled by default. To disable it in production, set the property 'springdoc.api-docs.enabled=false'
2026-05-28 17:43:18 - SpringDoc /swagger-ui.html endpoint is enabled by default. To disable it in production, set the property 'springdoc.swagger-ui.enabled=false'
2026-05-28 17:43:22 - Initializing Spring DispatcherServlet 'dispatcherServlet'
2026-05-28 17:43:22 - Initializing Servlet 'dispatcherServlet'
2026-05-28 17:43:22 - Completed initialization in 1 ms
2026-05-28 17:43:23 - Init duration for springdoc-openapi is: 354 ms
2026-05-28 17:45:49 - Commencing graceful shutdown. Waiting for active requests to complete
2026-05-28 17:45:49 - Graceful shutdown complete
2026-05-28 17:45:49 - Closing JPA EntityManagerFactory for persistence unit 'default'
2026-05-28 17:45:49 - HikariPool-1 - Shutdown initiated...
2026-05-28 17:45:49 - HikariPool-1 - Shutdown completed.
2026-05-28 17:45:52 - Starting IngressosApplication using Java 21.0.9 with PID 14064 (C:\Spring_Boot Eduardo\Curso_SpringBoot\ingressos\target\classes started by eduardo in C:\Spring_Boot Eduardo\Curso_SpringBoot\ingressos)
2026-05-28 17:45:52 - Running with Spring Boot v3.5.14, Spring v6.2.18
2026-05-28 17:45:52 - No active profile set, falling back to 1 default profile: "default"
2026-05-28 17:45:53 - Bootstrapping Spring Data JPA repositories in DEFAULT mode.
2026-05-28 17:45:53 - Finished Spring Data repository scanning in 54 ms. Found 2 JPA repository interfaces.
2026-05-28 17:45:54 - Tomcat initialized with port 8080 (http)
2026-05-28 17:45:54 - Starting service [Tomcat]
2026-05-28 17:45:54 - Starting Servlet engine: [Apache Tomcat/10.1.54]
2026-05-28 17:45:54 - Initializing Spring embedded WebApplicationContext
2026-05-28 17:45:54 - Root WebApplicationContext: initialization completed in 1617 ms
2026-05-28 17:45:54 - No LoadTimeWeaver setup: ignoring JPA class transformer
2026-05-28 17:45:54 - HikariPool-1 - Starting...
2026-05-28 17:45:55 - HikariPool-1 - Added connection org.postgresql.jdbc.PgConnection@3cead673
2026-05-28 17:45:55 - HikariPool-1 - Start completed.
2026-05-28 17:45:55 - HHH90000025: PostgreSQLDialect does not need to be specified explicitly using 'hibernate.dialect' (remove the property setting and it will be selected by default)
2026-05-28 17:45:56 - Initialized JPA EntityManagerFactory for persistence unit 'default'
2026-05-28 17:45:56 - Hibernate is in classpath; If applicable, HQL parser will be used.
2026-05-28 17:45:56 - spring.jpa.open-in-view is enabled by default. Therefore, database queries may be performed during view rendering. Explicitly configure spring.jpa.open-in-view to disable this warning
2026-05-28 17:45:57 - Tomcat started on port 8080 (http) with context path '/'
2026-05-28 17:45:57 - Started IngressosApplication in 5.168 seconds (process running for 5.555)
2026-05-28 17:45:57 - SpringDoc /v3/api-docs endpoint is enabled by default. To disable it in production, set the property 'springdoc.api-docs.enabled=false'
2026-05-28 17:45:57 - SpringDoc /swagger-ui.html endpoint is enabled by default. To disable it in production, set the property 'springdoc.swagger-ui.enabled=false'
2026-05-28 17:45:57 - Initializing Spring DispatcherServlet 'dispatcherServlet'
2026-05-28 17:45:57 - Initializing Servlet 'dispatcherServlet'
2026-05-28 17:45:57 - Completed initialization in 1 ms
2026-05-28 17:45:58 - Init duration for springdoc-openapi is: 342 ms
2026-05-28 17:48:24 - Erro ao processar requisição: No static resource ingressosApi.com.
2026-05-28 17:48:24 - Erro ao processar requisição: No static resource favicon.ico.
2026-05-28 17:50:10 - Commencing graceful shutdown. Waiting for active requests to complete
2026-05-28 17:50:10 - Graceful shutdown complete
2026-05-28 17:50:10 - Closing JPA EntityManagerFactory for persistence unit 'default'
2026-05-28 17:50:10 - HikariPool-1 - Shutdown initiated...
2026-05-28 17:50:10 - HikariPool-1 - Shutdown completed.
2026-05-28 17:50:14 - Starting IngressosApplication using Java 21.0.9 with PID 5208 (C:\Spring_Boot Eduardo\Curso_SpringBoot\ingressos\target\classes started by eduardo in C:\Spring_Boot Eduardo\Curso_SpringBoot\ingressos)
2026-05-28 17:50:14 - Running with Spring Boot v3.5.14, Spring v6.2.18
2026-05-28 17:50:14 - No active profile set, falling back to 1 default profile: "default"
2026-05-28 17:50:15 - Bootstrapping Spring Data JPA repositories in DEFAULT mode.
2026-05-28 17:50:15 - Finished Spring Data repository scanning in 54 ms. Found 2 JPA repository interfaces.
2026-05-28 17:50:15 - Tomcat initialized with port 8080 (http)
2026-05-28 17:50:15 - Starting service [Tomcat]
2026-05-28 17:50:15 - Starting Servlet engine: [Apache Tomcat/10.1.54]
2026-05-28 17:50:15 - Initializing Spring embedded WebApplicationContext
2026-05-28 17:50:15 - Root WebApplicationContext: initialization completed in 1523 ms
2026-05-28 17:50:16 - No LoadTimeWeaver setup: ignoring JPA class transformer
2026-05-28 17:50:16 - HikariPool-1 - Starting...
2026-05-28 17:50:16 - HikariPool-1 - Added connection org.postgresql.jdbc.PgConnection@3cead673
2026-05-28 17:50:16 - HikariPool-1 - Start completed.
2026-05-28 17:50:16 - HHH90000025: PostgreSQLDialect does not need to be specified explicitly using 'hibernate.dialect' (remove the property setting and it will be selected by default)
2026-05-28 17:50:17 - Initialized JPA EntityManagerFactory for persistence unit 'default'
2026-05-28 17:50:17 - Hibernate is in classpath; If applicable, HQL parser will be used.
2026-05-28 17:50:18 - spring.jpa.open-in-view is enabled by default. Therefore, database queries may be performed during view rendering. Explicitly configure spring.jpa.open-in-view to disable this warning
2026-05-28 17:50:18 - Tomcat started on port 8080 (http) with context path '/'
2026-05-28 17:50:18 - Started IngressosApplication in 4.905 seconds (process running for 5.28)
2026-05-28 17:50:18 - SpringDoc /v3/api-docs endpoint is enabled by default. To disable it in production, set the property 'springdoc.api-docs.enabled=false'
2026-05-28 17:50:18 - SpringDoc /swagger-ui.html endpoint is enabled by default. To disable it in production, set the property 'springdoc.swagger-ui.enabled=false'
2026-05-28 17:50:22 - Initializing Spring DispatcherServlet 'dispatcherServlet'
2026-05-28 17:50:22 - Initializing Servlet 'dispatcherServlet'
2026-05-28 17:50:22 - Completed initialization in 1 ms
2026-05-28 17:50:23 - Init duration for springdoc-openapi is: 337 ms
2026-05-28 17:55:54 - Commencing graceful shutdown. Waiting for active requests to complete
2026-05-28 17:55:54 - Graceful shutdown complete
2026-05-28 17:55:54 - Closing JPA EntityManagerFactory for persistence unit 'default'
2026-05-28 17:55:54 - HikariPool-1 - Shutdown initiated...
2026-05-28 17:55:54 - HikariPool-1 - Shutdown completed.
2026-05-28 18:02:36 - Starting IngressosApplication using Java 21.0.9 with PID 14752 (C:\Spring_Boot Eduardo\Curso_SpringBoot\ingressos\target\classes started by eduardo in C:\Spring_Boot Eduardo\Curso_SpringBoot\ingressos)
2026-05-28 18:02:36 - Running with Spring Boot v3.5.14, Spring v6.2.18
2026-05-28 18:02:36 - No active profile set, falling back to 1 default profile: "default"
2026-05-28 18:02:37 - Bootstrapping Spring Data JPA repositories in DEFAULT mode.
2026-05-28 18:02:37 - Finished Spring Data repository scanning in 53 ms. Found 2 JPA repository interfaces.
2026-05-28 18:02:38 - Tomcat initialized with port 8080 (http)
2026-05-28 18:02:38 - Starting service [Tomcat]
2026-05-28 18:02:38 - Starting Servlet engine: [Apache Tomcat/10.1.54]
2026-05-28 18:02:38 - Initializing Spring embedded WebApplicationContext
2026-05-28 18:02:38 - Root WebApplicationContext: initialization completed in 1539 ms
2026-05-28 18:02:38 - No LoadTimeWeaver setup: ignoring JPA class transformer
2026-05-28 18:02:38 - HikariPool-1 - Starting...
2026-05-28 18:02:38 - HikariPool-1 - Added connection org.postgresql.jdbc.PgConnection@510e4d79
2026-05-28 18:02:38 - HikariPool-1 - Start completed.
2026-05-28 18:02:38 - HHH90000025: PostgreSQLDialect does not need to be specified explicitly using 'hibernate.dialect' (remove the property setting and it will be selected by default)
2026-05-28 18:02:39 - Initialized JPA EntityManagerFactory for persistence unit 'default'
2026-05-28 18:02:40 - Hibernate is in classpath; If applicable, HQL parser will be used.
2026-05-28 18:02:40 - spring.jpa.open-in-view is enabled by default. Therefore, database queries may be performed during view rendering. Explicitly configure spring.jpa.open-in-view to disable this warning
2026-05-28 18:02:40 - Tomcat started on port 8080 (http) with context path '/'
2026-05-28 18:02:40 - Started IngressosApplication in 4.947 seconds (process running for 5.333)
2026-05-28 18:02:40 - SpringDoc /v3/api-docs endpoint is enabled by default. To disable it in production, set the property 'springdoc.api-docs.enabled=false'
2026-05-28 18:02:40 - SpringDoc /swagger-ui.html endpoint is enabled by default. To disable it in production, set the property 'springdoc.swagger-ui.enabled=false'
2026-05-28 18:02:49 - Initializing Spring DispatcherServlet 'dispatcherServlet'
2026-05-28 18:02:49 - Initializing Servlet 'dispatcherServlet'
2026-05-28 18:02:49 - Completed initialization in 0 ms
2026-05-28 18:02:50 - Init duration for springdoc-openapi is: 352 ms
2026-05-28 18:12:59 - Commencing graceful shutdown. Waiting for active requests to complete
2026-05-28 18:12:59 - Graceful shutdown complete
2026-05-28 18:12:59 - Closing JPA EntityManagerFactory for persistence unit 'default'
2026-05-28 18:12:59 - HikariPool-1 - Shutdown initiated...
2026-05-28 18:12:59 - HikariPool-1 - Shutdown completed.
2026-05-28 18:18:59 - Starting IngressosApplication using Java 21.0.9 with PID 18872 (C:\Spring_Boot Eduardo\Curso_SpringBoot\ingressos\target\classes started by eduardo in C:\Spring_Boot Eduardo\Curso_SpringBoot\ingressos)
2026-05-28 18:18:59 - Running with Spring Boot v3.5.14, Spring v6.2.18
2026-05-28 18:18:59 - No active profile set, falling back to 1 default profile: "default"
2026-05-28 18:19:00 - Bootstrapping Spring Data JPA repositories in DEFAULT mode.
2026-05-28 18:19:00 - Finished Spring Data repository scanning in 52 ms. Found 2 JPA repository interfaces.
2026-05-28 18:19:01 - Tomcat initialized with port 8080 (http)
2026-05-28 18:19:01 - Starting service [Tomcat]
2026-05-28 18:19:01 - Starting Servlet engine: [Apache Tomcat/10.1.54]
2026-05-28 18:19:01 - Initializing Spring embedded WebApplicationContext
2026-05-28 18:19:01 - Root WebApplicationContext: initialization completed in 1586 ms
2026-05-28 18:19:01 - No LoadTimeWeaver setup: ignoring JPA class transformer
2026-05-28 18:19:01 - HikariPool-1 - Starting...
2026-05-28 18:19:02 - HikariPool-1 - Added connection org.postgresql.jdbc.PgConnection@510e4d79
2026-05-28 18:19:02 - HikariPool-1 - Start completed.
2026-05-28 18:19:02 - HHH90000025: PostgreSQLDialect does not need to be specified explicitly using 'hibernate.dialect' (remove the property setting and it will be selected by default)
2026-05-28 18:19:03 - Initialized JPA EntityManagerFactory for persistence unit 'default'
2026-05-28 18:19:03 - Hibernate is in classpath; If applicable, HQL parser will be used.
2026-05-28 18:19:03 - spring.jpa.open-in-view is enabled by default. Therefore, database queries may be performed during view rendering. Explicitly configure spring.jpa.open-in-view to disable this warning
2026-05-28 18:19:04 - Tomcat started on port 8080 (http) with context path '/'
2026-05-28 18:19:04 - Started IngressosApplication in 5.046 seconds (process running for 5.421)
2026-05-28 18:19:04 - SpringDoc /v3/api-docs endpoint is enabled by default. To disable it in production, set the property 'springdoc.api-docs.enabled=false'
2026-05-28 18:19:04 - SpringDoc /swagger-ui.html endpoint is enabled by default. To disable it in production, set the property 'springdoc.swagger-ui.enabled=false'
2026-05-28 18:19:28 - Initializing Spring DispatcherServlet 'dispatcherServlet'
2026-05-28 18:19:28 - Initializing Servlet 'dispatcherServlet'
2026-05-28 18:19:28 - Completed initialization in 1 ms
2026-05-28 18:19:28 - Init duration for springdoc-openapi is: 379 ms
2026-05-28 18:24:19 - Commencing graceful shutdown. Waiting for active requests to complete
2026-05-28 18:24:19 - Graceful shutdown complete
2026-05-28 18:24:19 - Closing JPA EntityManagerFactory for persistence unit 'default'
2026-05-28 18:24:19 - HikariPool-1 - Shutdown initiated...
2026-05-28 18:24:19 - HikariPool-1 - Shutdown completed.
2026-05-28 18:46:36 - Starting IngressosApplication using Java 21.0.9 with PID 7244 (C:\Spring_Boot Eduardo\Curso_SpringBoot\ingressos\target\classes started by eduardo in C:\Spring_Boot Eduardo\Curso_SpringBoot\ingressos)
2026-05-28 18:46:36 - Running with Spring Boot v3.5.14, Spring v6.2.18
2026-05-28 18:46:36 - No active profile set, falling back to 1 default profile: "default"
2026-05-28 18:46:37 - Bootstrapping Spring Data JPA repositories in DEFAULT mode.
2026-05-28 18:46:37 - Finished Spring Data repository scanning in 53 ms. Found 2 JPA repository interfaces.
2026-05-28 18:46:37 - Tomcat initialized with port 8080 (http)
2026-05-28 18:46:37 - Starting service [Tomcat]
2026-05-28 18:46:37 - Starting Servlet engine: [Apache Tomcat/10.1.54]
2026-05-28 18:46:38 - Initializing Spring embedded WebApplicationContext
2026-05-28 18:46:38 - Root WebApplicationContext: initialization completed in 1523 ms
2026-05-28 18:46:38 - No LoadTimeWeaver setup: ignoring JPA class transformer
2026-05-28 18:46:38 - HikariPool-1 - Starting...
2026-05-28 18:46:38 - HikariPool-1 - Added connection org.postgresql.jdbc.PgConnection@7c69e1e1
2026-05-28 18:46:38 - HikariPool-1 - Start completed.
2026-05-28 18:46:38 - HHH90000025: PostgreSQLDialect does not need to be specified explicitly using 'hibernate.dialect' (remove the property setting and it will be selected by default)
2026-05-28 18:46:39 - Initialized JPA EntityManagerFactory for persistence unit 'default'
2026-05-28 18:46:39 - Hibernate is in classpath; If applicable, HQL parser will be used.
2026-05-28 18:46:40 - spring.jpa.open-in-view is enabled by default. Therefore, database queries may be performed during view rendering. Explicitly configure spring.jpa.open-in-view to disable this warning
2026-05-28 18:46:40 - Tomcat started on port 8080 (http) with context path '/'
2026-05-28 18:46:40 - Started IngressosApplication in 4.902 seconds (process running for 5.283)
2026-05-28 18:46:40 - SpringDoc /v3/api-docs endpoint is enabled by default. To disable it in production, set the property 'springdoc.api-docs.enabled=false'
2026-05-28 18:46:40 - SpringDoc /swagger-ui.html endpoint is enabled by default. To disable it in production, set the property 'springdoc.swagger-ui.enabled=false'
2026-05-28 18:46:42 - Initializing Spring DispatcherServlet 'dispatcherServlet'
2026-05-28 18:46:42 - Initializing Servlet 'dispatcherServlet'
2026-05-28 18:46:42 - Completed initialization in 1 ms
2026-05-28 18:46:42 - Init duration for springdoc-openapi is: 359 ms
2026-05-28 18:47:05 - Commencing graceful shutdown. Waiting for active requests to complete
2026-05-28 18:47:05 - Graceful shutdown complete
2026-05-28 18:47:05 - Closing JPA EntityManagerFactory for persistence unit 'default'
2026-05-28 18:47:05 - HikariPool-1 - Shutdown initiated...
2026-05-28 18:47:05 - HikariPool-1 - Shutdown completed.
